C51 COMPILER V9.56.0.0   WDT                                                               09/15/2020 14:21:30 PAGE 1   


C51 COMPILER V9.56.0.0, COMPILATION OF MODULE WDT
OBJECT MODULE PLACED IN .\Objects\wdt.obj
COMPILER INVOKED BY: C:\program_list\keil\C51\BIN\C51.EXE ..\hardware\WDT\wdt.c LARGE OPTIMIZE(8,SPEED) BROWSE INCDIR(..
                    -\hardware\DELAY;..\hardware\ADC;..\hardware\Flash;..\hardware\Uart;..\hardware\Key;..\hardware\Pwm;..\hardware\WDT;..\ha
                    -rdware\Timer;..\hardware\LCDdisplay;..\hardware\PID) DEBUG OBJECTEXTEND PRINT(.\Listings\wdt.lst) TABS(2) OBJECT(.\Objec
                    -ts\wdt.obj)

line level    source

   1          #include "wdt.h"
   2          
   3          
   4          void wdt_init(u8 time)
   5          {
   6   1          WDTC = 0x17;            //允许WDT复位，允许掉电/空闲模式下运行，1024分频
   7   1          //WDT使用的是RC44K时钟，WDT_CLOCK_1024是1024分频，初值为0xFF
   8   1        //定时时间  = 1024 * 0xFF / 44000
   9   1        //      = 5.93s
  10   1        // WDTCCR = 0xFF;           //写入00时，将关闭WDT功能（但不关闭内部低频RC），
  11   1                          //即相当于禁止WDT。写入非0数据时，将启动WDT。
  12   1        WDTCCR = (time)*(43); //2S   2*44000/1024 = 2*43;
  13   1          // WDTCCR = 86;   //2S   2*44000/1024 = 2*43;
  14   1      }
  15          
  16          void clear_wdt(void)
  17          {
  18   1        WDTC |= 0x10;                   //清狗                  
  19   1      }
  20          
  21          
  22          
  23          
  24          


MODULE INFORMATION:   STATIC OVERLAYABLE
   CODE SIZE        =     17    ----
   CONSTANT SIZE    =   ----    ----
   XDATA SIZE       =   ----    ----
   PDATA SIZE       =   ----    ----
   DATA SIZE        =   ----    ----
   IDATA SIZE       =   ----    ----
   BIT SIZE         =   ----    ----
END OF MODULE INFORMATION.


C51 COMPILATION COMPLETE.  0 WARNING(S),  0 ERROR(S)
